

Started GET "/" for 127.0.0.1 at 2014-08-17 02:37:56 -0700

ActiveRecord::NoDatabaseError (FATAL:  database "bootmap_dev" does not exist
Run `$ bin/rake db:create db:migrate` to create your database):
  activerecord (4.1.0) lib/active_record/connection_adapters/postgresql_adapter.rb:891:in `rescue in connect'
  activerecord (4.1.0) lib/active_record/connection_adapters/postgresql_adapter.rb:881:in `connect'
  activerecord (4.1.0) lib/active_record/connection_adapters/postgresql_adapter.rb:568:in `initialize'
  activerecord (4.1.0) lib/active_record/connection_adapters/postgresql_adapter.rb:41:in `new'
  activerecord (4.1.0) lib/active_record/connection_adapters/postgresql_adapter.rb:41:in `postgresql_connection'
  activerecord (4.1.0) lib/active_record/connection_adapters/abstract/connection_pool.rb:435:in `new_connection'
  activerecord (4.1.0) lib/active_record/connection_adapters/abstract/connection_pool.rb:445:in `checkout_new_connection'
  activerecord (4.1.0) lib/active_record/connection_adapters/abstract/connection_pool.rb:416:in `acquire_connection'
  activerecord (4.1.0) lib/active_record/connection_adapters/abstract/connection_pool.rb:351:in `block in checkout'
  /Users/apprentice/.rvm/rubies/ruby-1.9.3-p448/lib/ruby/1.9.1/monitor.rb:211:in `mon_synchronize'
  activerecord (4.1.0) lib/active_record/connection_adapters/abstract/connection_pool.rb:350:in `checkout'
  activerecord (4.1.0) lib/active_record/connection_adapters/abstract/connection_pool.rb:265:in `block in connection'
  /Users/apprentice/.rvm/rubies/ruby-1.9.3-p448/lib/ruby/1.9.1/monitor.rb:211:in `mon_synchronize'
  activerecord (4.1.0) lib/active_record/connection_adapters/abstract/connection_pool.rb:264:in `connection'
  activerecord (4.1.0) lib/active_record/connection_adapters/abstract/connection_pool.rb:541:in `retrieve_connection'
  activerecord (4.1.0) lib/active_record/connection_handling.rb:113:in `retrieve_connection'
  activerecord (4.1.0) lib/active_record/connection_handling.rb:87:in `connection'
  activerecord (4.1.0) lib/active_record/migration.rb:388:in `check_pending!'
  activerecord (4.1.0) lib/active_record/migration.rb:377:in `call'
  actionpack (4.1.0) lib/action_dispatch/middleware/callbacks.rb:29:in `block in call'
  activesupport (4.1.0) lib/active_support/callbacks.rb:82:in `run_callbacks'
  actionpack (4.1.0) lib/action_dispatch/middleware/callbacks.rb:27:in `call'
  actionpack (4.1.0) lib/action_dispatch/middleware/reloader.rb:73:in `call'
  actionpack (4.1.0) lib/action_dispatch/middleware/remote_ip.rb:76:in `call'
  actionpack (4.1.0) lib/action_dispatch/middleware/debug_exceptions.rb:17:in `call'
  actionpack (4.1.0) lib/action_dispatch/middleware/show_exceptions.rb:30:in `call'
  railties (4.1.0) lib/rails/rack/logger.rb:38:in `call_app'
  railties (4.1.0) lib/rails/rack/logger.rb:20:in `block in call'
  activesupport (4.1.0) lib/active_support/tagged_logging.rb:68:in `block in tagged'
  activesupport (4.1.0) lib/active_support/tagged_logging.rb:26:in `tagged'
  activesupport (4.1.0) lib/active_support/tagged_logging.rb:68:in `tagged'
  railties (4.1.0) lib/rails/rack/logger.rb:20:in `call'
  actionpack (4.1.0) lib/action_dispatch/middleware/request_id.rb:21:in `call'
  rack (1.5.2) lib/rack/methodoverride.rb:21:in `call'
  rack (1.5.2) lib/rack/runtime.rb:17:in `call'
  activesupport (4.1.0) lib/active_support/cache/strategy/local_cache_middleware.rb:26:in `call'
  rack (1.5.2) lib/rack/lock.rb:17:in `call'
  actionpack (4.1.0) lib/action_dispatch/middleware/static.rb:64:in `call'
  rack (1.5.2) lib/rack/sendfile.rb:112:in `call'
  railties (4.1.0) lib/rails/engine.rb:514:in `call'
  railties (4.1.0) lib/rails/application.rb:144:in `call'
  rack (1.5.2) lib/rack/lock.rb:17:in `call'
  rack (1.5.2) lib/rack/content_length.rb:14:in `call'
  rack (1.5.2) lib/rack/handler/webrick.rb:60:in `service'
  /Users/apprentice/.rvm/rubies/ruby-1.9.3-p448/lib/ruby/1.9.1/webrick/httpserver.rb:138:in `service'
  /Users/apprentice/.rvm/rubies/ruby-1.9.3-p448/lib/ruby/1.9.1/webrick/httpserver.rb:94:in `run'
  /Users/apprentice/.rvm/rubies/ruby-1.9.3-p448/lib/ruby/1.9.1/webrick/server.rb:191:in `block in start_thread'


  Rendered /Users/apprentice/.rvm/gems/ruby-1.9.3-p448/gems/actionpack-4.1.0/lib/action_dispatch/middleware/templates/rescues/_source.erb (0.4ms)
  Rendered /Users/apprentice/.rvm/gems/ruby-1.9.3-p448/gems/actionpack-4.1.0/lib/action_dispatch/middleware/templates/rescues/_trace.html.erb (0.7ms)
  Rendered /Users/apprentice/.rvm/gems/ruby-1.9.3-p448/gems/actionpack-4.1.0/lib/action_dispatch/middleware/templates/rescues/_request_and_response.html.erb (0.8ms)
  Rendered /Users/apprentice/.rvm/gems/ruby-1.9.3-p448/gems/actionpack-4.1.0/lib/action_dispatch/middleware/templates/rescues/diagnostics.erb within rescues/layout (15.4ms)
  [1m[36m (1.7ms)[0m  [1mCREATE TABLE "schema_migrations" ("version" character varying(255) NOT NULL) [0m
  [1m[35m (1.1ms)[0m  CREATE UNIQUE INDEX  "unique_schema_migrations" ON "schema_migrations"  ("version")
  [1m[36mActiveRecord::SchemaMigration Load (0.3ms)[0m  [1mSELECT "schema_migrations".* FROM "schema_migrations"[0m
Migrating to CreateBoots (20140425161527)
  [1m[35m (0.2ms)[0m  BEGIN
  [1m[36m (2.8ms)[0m  [1mCREATE TABLE "boots" ("id" serial primary key, "name" character varying(255), "github_profile_link" text, "twitter_profile_link" text, "facebook_profile_link" text, "linked_in_profile_link" text, "blog_link" text, "current_location" character varying(255), "latitude" float, "longitude" float, "created_at" timestamp, "updated_at" timestamp) [0m
  [1m[35mSQL (0.4ms)[0m  INSERT INTO "schema_migrations" ("version") VALUES ($1)  [["version", "20140425161527"]]
  [1m[36m (0.5ms)[0m  [1mCOMMIT[0m
  [1m[35mActiveRecord::SchemaMigration Load (0.2ms)[0m  SELECT "schema_migrations".* FROM "schema_migrations"
  [1m[36mActiveRecord::SchemaMigration Load (0.3ms)[0m  [1mSELECT "schema_migrations".* FROM "schema_migrations"[0m
  [1m[36m (1.9ms)[0m  [1mCREATE TABLE "schema_migrations" ("version" character varying(255) NOT NULL) [0m
  [1m[35m (1.2ms)[0m  CREATE UNIQUE INDEX  "unique_schema_migrations" ON "schema_migrations"  ("version")
  [1m[36mActiveRecord::SchemaMigration Load (0.3ms)[0m  [1mSELECT "schema_migrations".* FROM "schema_migrations"[0m
Migrating to CreateBoots (20140425161527)
  [1m[35m (0.2ms)[0m  BEGIN
  [1m[36m (2.7ms)[0m  [1mCREATE TABLE "boots" ("id" serial primary key, "name" character varying(255), "github_profile_link" text, "twitter_profile_link" text, "facebook_profile_link" text, "linked_in_profile_link" text, "blog_link" text, "current_location" character varying(255), "latitude" float, "longitude" float, "created_at" timestamp, "updated_at" timestamp) [0m
  [1m[35mSQL (0.4ms)[0m  INSERT INTO "schema_migrations" ("version") VALUES ($1)  [["version", "20140425161527"]]
  [1m[36m (0.5ms)[0m  [1mCOMMIT[0m
  [1m[35mActiveRecord::SchemaMigration Load (0.2ms)[0m  SELECT "schema_migrations".* FROM "schema_migrations"


Started GET "/" for 127.0.0.1 at 2014-08-17 02:45:36 -0700
  [1m[36mActiveRecord::SchemaMigration Load (0.4ms)[0m  [1mSELECT "schema_migrations".* FROM "schema_migrations"[0m
Processing by BootmapController#index as HTML
  Rendered bootmap/index.html.erb within layouts/application (2.0ms)
Completed 200 OK in 336ms (Views: 335.6ms | ActiveRecord: 0.0ms)


Started GET "/assets/leaflet.css?body=1" for 127.0.0.1 at 2014-08-17 02:45:36 -0700


Started GET "/assets/MarkerCluster.css?body=1" for 127.0.0.1 at 2014-08-17 02:45:36 -0700


Started GET "/assets/map.css?body=1" for 127.0.0.1 at 2014-08-17 02:45:36 -0700


Started GET "/assets/application.css?body=1" for 127.0.0.1 at 2014-08-17 02:45:36 -0700


Started GET "/assets/MarkerCluster.Default.css?body=1" for 127.0.0.1 at 2014-08-17 02:45:36 -0700


Started GET "/assets/jquery.js?body=1" for 127.0.0.1 at 2014-08-17 02:45:36 -0700


Started GET "/assets/jquery_ujs.js?body=1" for 127.0.0.1 at 2014-08-17 02:45:36 -0700


Started GET "/assets/leaflet.js?body=1" for 127.0.0.1 at 2014-08-17 02:45:36 -0700


Started GET "/assets/_namespace.js?body=1" for 127.0.0.1 at 2014-08-17 02:45:36 -0700


Started GET "/assets/initialize.js?body=1" for 127.0.0.1 at 2014-08-17 02:45:36 -0700


Started GET "/assets/leaflet.markercluster-src.js?body=1" for 127.0.0.1 at 2014-08-17 02:45:36 -0700


Started GET "/assets/map-boot.js?body=1" for 127.0.0.1 at 2014-08-17 02:45:36 -0700


Started GET "/assets/map-cities.js?body=1" for 127.0.0.1 at 2014-08-17 02:45:36 -0700


Started GET "/assets/map-controller.js?body=1" for 127.0.0.1 at 2014-08-17 02:45:36 -0700


Started GET "/assets/map-master-roster.js?body=1" for 127.0.0.1 at 2014-08-17 02:45:36 -0700


Started GET "/assets/map-view.js?body=1" for 127.0.0.1 at 2014-08-17 02:45:36 -0700


Started GET "/assets/mustache.js?body=1" for 127.0.0.1 at 2014-08-17 02:45:36 -0700


Started GET "/assets/application.js?body=1" for 127.0.0.1 at 2014-08-17 02:45:36 -0700


Started GET "/boots" for 127.0.0.1 at 2014-08-17 02:45:36 -0700
Processing by BootmapController#boots as */*
  [1m[35mBoot Load (0.5ms)[0m  SELECT "boots".* FROM "boots"
Completed 200 OK in 7ms (Views: 0.1ms | ActiveRecord: 0.5ms)
